#
# There is insufficient memory for the Java Runtime Environment to continue.
# Native memory allocation (mmap) failed to map 37748736 bytes for committing reserved memory.
# Possible reasons:
#   The system is out of physical RAM or swap space
#   In 32 bit mode, the process size limit was hit
# Possible solutions:
#   Reduce memory load on the system
#   Increase physical memory or swap space
#   Check if swap backing store is full
#   Use 64 bit Java on a 64 bit OS
#   Decrease Java heap size (-Xmx/-Xms)
#   Decrease number of Java threads
#   Decrease Java thread stack sizes (-Xss)
#   Set larger code cache with -XX:ReservedCodeCacheSize=
# This output file may be truncated or incomplete.
#
#  Out of Memory Error (os_linux.cpp:2673), pid=9234, tid=1693449024
#
# JRE version: Java(TM) SE Runtime Environment (8.0_51-b16) (build 1.8.0_51-b16)
# Java VM: Java HotSpot(TM) Server VM (25.51-b03 mixed mode linux-x86 )
# Failed to write core dump. Core dumps have been disabled. To enable core dumping, try "ulimit -c unlimited" before starting Java again
#

---------------  T H R E A D  ---------------

Current thread (0x64f10400):  VMThread [stack: 0x64e7f000,0x64f00000] [id=9247]

Stack: [0x64e7f000,0x64f00000],  sp=0x64efea30,  free space=510k
Native frames: (J=compiled Java code, j=interpreted, Vv=VM code, C=native code)
V  [libjvm.so+0x8c220f]  VMError::report_and_die()+0x16f
V  [libjvm.so+0x3864c5]  report_vm_out_of_memory(char const*, int, unsigned int, VMErrorType, char const*)+0x55
V  [libjvm.so+0x7469c6]  os::Linux::commit_memory_impl(char*, unsigned int, bool)+0xe6
V  [libjvm.so+0x746de8]  os::pd_commit_memory(char*, unsigned int, unsigned int, bool)+0x28
V  [libjvm.so+0x74050c]  os::commit_memory(char*, unsigned int, unsigned int, bool)+0x2c
V  [libjvm.so+0x7aa7b8]  PSVirtualSpace::expand_by(unsigned int)+0x48
V  [libjvm.so+0x7ab8ba]  PSYoungGen::resize_generation(unsigned int, unsigned int)+0xda
V  [libjvm.so+0x7aabe9]  PSYoungGen::resize(unsigned int, unsigned int)+0x19
V  [libjvm.so+0x7a850d]  PSScavenge::invoke_no_policy()+0xd4d
V  [libjvm.so+0x7a8cd8]  PSScavenge::invoke()+0x28
V  [libjvm.so+0x767faa]  ParallelScavengeHeap::failed_mem_allocate(unsigned int)+0x5a
V  [libjvm.so+0x8c3ada]  VM_ParallelGCFailedAllocation::doit()+0x7a
V  [libjvm.so+0x8cccf7]  VM_Operation::evaluate()+0x47
V  [libjvm.so+0x8cadd3]  VMThread::evaluate_operation(VM_Operation*)+0xb3
V  [libjvm.so+0x8cb170]  VMThread::loop()+0x1b0
V  [libjvm.so+0x8cb5d5]  VMThread::run()+0x85
V  [libjvm.so+0x749269]  java_start(Thread*)+0x119
C  [libpthread.so.0+0x6d4c]  start_thread+0xcc

VM_Operation (0xb77cf774): ParallelGCFailedAllocation, mode: safepoint, requested by thread 0xb7607400


---------------  P R O C E S S  ---------------

Java Threads: ( => current thread )
  0x64f37400 JavaThread "Service Thread" daemon [_thread_blocked, id=9259, stack(0x64adb000,0x64b2c000)]
  0x64f34400 JavaThread "C1 CompilerThread1" daemon [_thread_blocked, id=9257, stack(0x64b2c000,0x64bad000)]
  0x64f32400 JavaThread "C2 CompilerThread0" daemon [_thread_blocked, id=9255, stack(0x64bad000,0x64c2e000)]
  0x64f30c00 JavaThread "Signal Dispatcher" daemon [_thread_blocked, id=9253, stack(0x67c2e000,0x67c7f000)]
  0x64f14c00 JavaThread "Finalizer" daemon [_thread_blocked, id=9251, stack(0xb7717000,0xb7768000)]
  0x64f13400 JavaThread "Reference Handler" daemon [_thread_blocked, id=9249, stack(0x64e2e000,0x64e7f000)]
  0xb7607400 JavaThread "main" [_thread_blocked, id=9241, stack(0xb7780000,0xb77d1000)]

Other Threads:
=>0x64f10400 VMThread [stack: 0x64e7f000,0x64f00000] [id=9247]
  0x64f39000 WatcherThread [stack: 0x64a5a000,0x64adb000] [id=9262]

VM state:at safepoint (normal execution)

VM Mutex/Monitor currently owned by a thread:  ([mutex/lock_event])
[0xb7604dc8] Threads_lock - owner thread: 0x64f10400
[0xb76051d8] Heap_lock - owner thread: 0xb7607400

Heap:
 PSYoungGen      total 36608K, used 4336K [0x92cc0000, 0x95540000, 0xa8200000)
  eden space 32256K, 0% used [0x92cc0000,0x92cc0000,0x94c40000)
  from space 4352K, 99% used [0x94c40000,0x9507c190,0x95080000)
  to   space 3840K, 0% used [0x95080000,0x95080000,0x95440000)
 ParOldGen       total 22016K, used 12086K [0x68200000, 0x69780000, 0x92cc0000)
  object space 22016K, 54% used [0x68200000,0x68dcda80,0x69780000)
 Metaspace       used 3850K, capacity 3870K, committed 3992K, reserved 4400K

Card table byte_map: [0x67fff000,0x68200000] byte_map_base: 0x67cbe000

Marking Bits: (ParMarkBitMap*) 0x0164e6e0
 Begin Bits: [0x65b00000, 0x66b00000)
 End Bits:   [0x66b00000, 0x67b00000)

Polling page: 0xb77e4000

CodeCache: size=245760Kb used=4994Kb max_used=4995Kb free=240765Kb
 bounds [0xa8600000, 0xa8ae8000, 0xb7600000]
 total_blobs=1774 nmethods=1619 adapters=71
 compilation: enabled

Compilation events (10 events):
Event: 10.775 Thread 0x64f34400 1653       2       com.android.dx.cf.code.LocalVariableList$Item::matchesAllButType (53 bytes)
Event: 10.775 Thread 0x64f34400 nmethod 1653 0xa8ae1548 code [0xa8ae1660, 0xa8ae17ec]
Event: 10.799 Thread 0x64f32400 nmethod 1639 0xa8ae0fc8 code [0xa8ae10e0, 0xa8ae1330]
Event: 10.799 Thread 0x64f32400 1634   !   4       com.android.dx.cf.code.BytecodeArray::parseInstruction (2764 bytes)
Event: 10.811 Thread 0x64f34400 1655       2       com.android.dx.rop.code.RegisterSpec::equals (51 bytes)
Event: 10.811 Thread 0x64f34400 nmethod 1655 0xa8ae0bc8 code [0xa8ae0d00, 0xa8ae0eb8]
Event: 10.823 Thread 0x64f34400 1657       2       com.android.dx.ssa.PhiTypeResolver::resolveResultType (308 bytes)
Event: 10.827 Thread 0x64f34400 nmethod 1657 0xa8adb808 code [0xa8adbae0, 0xa8adc608]
Event: 10.972 Thread 0x64f34400 1658       2       com.android.dx.rop.cst.CstArray$List::set (7 bytes)
Event: 10.972 Thread 0x64f34400 nmethod 1658 0xa8adaf08 code [0xa8adb080, 0xa8adb3c4]

GC Heap History (10 events):
Event: 4.421 GC heap after
Heap after GC invocations=2 (full 0):
 PSYoungGen      total 9472K, used 1276K [0x92cc0000, 0x93f40000, 0xa8200000)
  eden space 8192K, 0% used [0x92cc0000,0x92cc0000,0x934c0000)
  from space 1280K, 99% used [0x93600000,0x9373f360,0x93740000)
  to   space 1280K, 0% used [0x934c0000,0x934c0000,0x93600000)
 ParOldGen       total 22016K, used 2883K [0x68200000, 0x69780000, 0x92cc0000)
  object space 22016K, 13% used [0x68200000,0x684d0fd8,0x69780000)
 Metaspace       used 3529K, capacity 3646K, committed 3736K, reserved 4400K
}
Event: 5.113 GC heap before
{Heap before GC invocations=3 (full 0):
 PSYoungGen      total 9472K, used 9468K [0x92cc0000, 0x93f40000, 0xa8200000)
  eden space 8192K, 100% used [0x92cc0000,0x934c0000,0x934c0000)
  from space 1280K, 99% used [0x93600000,0x9373f360,0x93740000)
  to   space 1280K, 0% used [0x934c0000,0x934c0000,0x93600000)
 ParOldGen       total 22016K, used 2883K [0x68200000, 0x69780000, 0x92cc0000)
  object space 22016K, 13% used [0x68200000,0x684d0fd8,0x69780000)
 Metaspace       used 3599K, capacity 3710K, committed 3736K, reserved 4400K
Event: 5.149 GC heap after
Heap after GC invocations=3 (full 0):
 PSYoungGen      total 9472K, used 1268K [0x92cc0000, 0x93f40000, 0xa8200000)
  eden space 8192K, 0% used [0x92cc0000,0x92cc0000,0x934c0000)
  from space 1280K, 99% used [0x934c0000,0x935fd2c8,0x93600000)
  to   space 1280K, 0% used [0x93e00000,0x93e00000,0x93f40000)
 ParOldGen       total 22016K, used 3870K [0x68200000, 0x69780000, 0x92cc0000)
  object space 22016K, 17% used [0x68200000,0x685c7ba8,0x69780000)
 Metaspace       used 3599K, capacity 3710K, committed 3736K, reserved 4400K
}
Event: 6.283 GC heap before
{Heap before GC invocations=4 (full 0):
 PSYoungGen      total 9472K, used 9460K [0x92cc0000, 0x93f40000, 0xa8200000)
  eden space 8192K, 100% used [0x92cc0000,0x934c0000,0x934c0000)
  from space 1280K, 99% used [0x934c0000,0x935fd2c8,0x93600000)
  to   space 1280K, 0% used [0x93e00000,0x93e00000,0x93f40000)
 ParOldGen       total 22016K, used 3870K [0x68200000, 0x69780000, 0x92cc0000)
  object space 22016K, 17% used [0x68200000,0x685c7ba8,0x69780000)
 Metaspace       used 3691K, capacity 3806K, committed 3864K, reserved 4400K
Event: 6.315 GC heap after
Heap after GC invocations=4 (full 0):
 PSYoungGen      total 17664K, used 1276K [0x92cc0000, 0x93f40000, 0xa8200000)
  eden space 16384K, 0% used [0x92cc0000,0x92cc0000,0x93cc0000)
  from space 1280K, 99% used [0x93e00000,0x93f3f2b8,0x93f40000)
  to   space 1280K, 0% used [0x93cc0000,0x93cc0000,0x93e00000)
 ParOldGen       total 22016K, used 5087K [0x68200000, 0x69780000, 0x92cc0000)
  object space 22016K, 23% used [0x68200000,0x686f7e08,0x69780000)
 Metaspace       used 3691K, capacity 3806K, committed 3864K, reserved 4400K
}
Event: 7.660 GC heap before
{Heap before GC invocations=5 (full 0):
 PSYoungGen      total 17664K, used 17660K [0x92cc0000, 0x93f40000, 0xa8200000)
  eden space 16384K, 100% used [0x92cc0000,0x93cc0000,0x93cc0000)
  from space 1280K, 99% used [0x93e00000,0x93f3f2b8,0x93f40000)
  to   space 1280K, 0% used [0x93cc0000,0x93cc0000,0x93e00000)
 ParOldGen       total 22016K, used 5087K [0x68200000, 0x69780000, 0x92cc0000)
  object space 22016K, 23% used [0x68200000,0x686f7e08,0x69780000)
 Metaspace       used 3797K, capacity 3838K, committed 3864K, reserved 4400K
Event: 7.836 GC heap after
Heap after GC invocations=5 (full 0):
 PSYoungGen      total 17664K, used 1275K [0x92cc0000, 0x95440000, 0xa8200000)
  eden space 16384K, 0% used [0x92cc0000,0x92cc0000,0x93cc0000)
  from space 1280K, 99% used [0x93cc0000,0x93dfeca0,0x93e00000)
  to   space 3840K, 0% used [0x95080000,0x95080000,0x95440000)
 ParOldGen       total 22016K, used 7901K [0x68200000, 0x69780000, 0x92cc0000)
  object space 22016K, 35% used [0x68200000,0x689b7470,0x69780000)
 Metaspace       used 3797K, capacity 3838K, committed 3864K, reserved 4400K
}
Event: 8.966 GC heap before
{Heap before GC invocations=6 (full 0):
 PSYoungGen      total 17664K, used 17659K [0x92cc0000, 0x95440000, 0xa8200000)
  eden space 16384K, 100% used [0x92cc0000,0x93cc0000,0x93cc0000)
  from space 1280K, 99% used [0x93cc0000,0x93dfeca0,0x93e00000)
  to   space 3840K, 0% used [0x95080000,0x95080000,0x95440000)
 ParOldGen       total 22016K, used 7901K [0x68200000, 0x69780000, 0x92cc0000)
  object space 22016K, 35% used [0x68200000,0x689b7470,0x69780000)
 Metaspace       used 3818K, capacity 3870K, committed 3992K, reserved 4400K
Event: 9.034 GC heap after
Heap after GC invocations=6 (full 0):
 PSYoungGen      total 36096K, used 3693K [0x92cc0000, 0x95540000, 0xa8200000)
  eden space 32256K, 0% used [0x92cc0000,0x92cc0000,0x94c40000)
  from space 3840K, 96% used [0x95080000,0x9541b4b0,0x95440000)
  to   space 4352K, 0% used [0x94c40000,0x94c40000,0x95080000)
 ParOldGen       total 22016K, used 7905K [0x68200000, 0x69780000, 0x92cc0000)
  object space 22016K, 35% used [0x68200000,0x689b8470,0x69780000)
 Metaspace       used 3818K, capacity 3870K, committed 3992K, reserved 4400K
}
Event: 10.980 GC heap before
{Heap before GC invocations=7 (full 0):
 PSYoungGen      total 36096K, used 35949K [0x92cc0000, 0x95540000, 0xa8200000)
  eden space 32256K, 100% used [0x92cc0000,0x94c40000,0x94c40000)
  from space 3840K, 96% used [0x95080000,0x9541b4b0,0x95440000)
  to   space 4352K, 0% used [0x94c40000,0x94c40000,0x95080000)
 ParOldGen       total 22016K, used 7905K [0x68200000, 0x69780000, 0x92cc0000)
  object space 22016K, 35% used [0x68200000,0x689b8470,0x69780000)
 Metaspace       used 3850K, capacity 3870K, committed 3992K, reserved 4400K

Deoptimization events (10 events):
Event: 5.994 Thread 0xb7607400 Uncommon trap: reason=class_check action=maybe_recompile pc=0xa88baef4 method=com.android.dx.rop.type.Type.equals(Ljava/lang/Object;)Z @ 8
Event: 5.998 Thread 0xb7607400 Uncommon trap: reason=class_check action=maybe_recompile pc=0xa88baef4 method=com.android.dx.rop.type.Type.equals(Ljava/lang/Object;)Z @ 8
Event: 5.998 Thread 0xb7607400 Uncommon trap: reason=class_check action=maybe_recompile pc=0xa88baef4 method=com.android.dx.rop.type.Type.equals(Ljava/lang/Object;)Z @ 8
Event: 5.998 Thread 0xb7607400 Uncommon trap: reason=class_check action=maybe_recompile pc=0xa88baef4 method=com.android.dx.rop.type.Type.equals(Ljava/lang/Object;)Z @ 8
Event: 5.998 Thread 0xb7607400 Uncommon trap: reason=unstable_if action=reinterpret pc=0xa89bd210 method=com.android.dx.cf.code.Ropper.labelToResultIndex(I)I @ 34
Event: 5.998 Thread 0xb7607400 Uncommon trap: reason=class_check action=maybe_recompile pc=0xa883bd50 method=com.android.dx.rop.type.Type.equals(Ljava/lang/Object;)Z @ 8
Event: 8.681 Thread 0xb7607400 Uncommon trap: reason=unstable_if action=reinterpret pc=0xa89c2dfc method=java.util.HashMap.getNode(ILjava/lang/Object;)Ljava/util/HashMap$Node; @ 84
Event: 9.386 Thread 0xb7607400 Uncommon trap: reason=unstable_if action=reinterpret pc=0xa8a6103c method=com.android.dx.rop.code.LocalItem.hashCode()I @ 25
Event: 9.386 Thread 0xb7607400 Uncommon trap: reason=unstable_if action=reinterpret pc=0xa882bb18 method=com.android.dx.rop.code.LocalItem.hashCode()I @ 25
Event: 10.803 Thread 0xb7607400 Uncommon trap: reason=unstable_if action=reinterpret pc=0xa8a5bc54 method=com.android.dx.rop.code.RegisterSpec.equals(ILcom/android/dx/rop/type/TypeBearer;Lcom/android/dx/rop/code/LocalItem;)Z @ 42

Internal exceptions (5 events):
Event: 0.533 Thread 0xb7607400 Exception <a 'java/lang/NoSuchMethodError': Method sun.misc.Unsafe.defineClass(Ljava/lang/String;[BII)Ljava/lang/Class; name or signature does not match> (0x92cd0400) thrown at [/HUDSON3/workspace/8-2-build-linux-i586/jdk8u51/3951/hotspot/src/share/vm/pri
Event: 0.533 Thread 0xb7607400 Exception <a 'java/lang/NoSuchMethodError': Method sun.misc.Unsafe.prefetchRead(Ljava/lang/Object;J)V name or signature does not match> (0x92cd0680) thrown at [/HUDSON3/workspace/8-2-build-linux-i586/jdk8u51/3951/hotspot/src/share/vm/prims/jni.cpp, line 3
Event: 7.031 Thread 0xb7607400 Exception <a 'java/lang/ArrayIndexOutOfBoundsException': 18> (0x936514d0) thrown at [/HUDSON3/workspace/8-2-build-linux-i586/jdk8u51/3951/hotspot/src/share/vm/interpreter/interpreterRuntime.cpp, line 366]
Event: 7.051 Thread 0xb7607400 Exception <a 'java/lang/ArrayIndexOutOfBoundsException'> (0x93652cd0) thrown at [/HUDSON3/workspace/8-2-build-linux-i586/jdk8u51/3951/hotspot/src/share/vm/runtime/sharedRuntime.cpp, line 605]
Event: 7.051 Thread 0xb7607400 Exception <a 'java/lang/ArrayIndexOutOfBoundsException'> (0x93653d10) thrown at [/HUDSON3/workspace/8-2-build-linux-i586/jdk8u51/3951/hotspot/src/share/vm/runtime/sharedRuntime.cpp, line 605]

Events (10 events):
Event: 10.543 Thread 0xb7607400 DEOPT PACKING pc=0xa89b1d1a sp=0xb77cf860
Event: 10.543 Thread 0xb7607400 DEOPT UNPACKING pc=0xa863c310 sp=0xb77cf748 mode 0
Event: 10.643 Thread 0xb7607400 DEOPT PACKING pc=0xa89647cd sp=0xb77cf7d0
Event: 10.643 Thread 0xb7607400 DEOPT UNPACKING pc=0xa863c310 sp=0xb77cf68c mode 0
Event: 10.675 Thread 0xb7607400 DEOPT PACKING pc=0xa8a36df8 sp=0xb77cf6d0
Event: 10.675 Thread 0xb7607400 DEOPT UNPACKING pc=0xa863c310 sp=0xb77cf558 mode 0
Event: 10.803 Thread 0xb7607400 Uncommon trap: trap_request=0xffffff65 fr.pc=0xa8a5bc54
Event: 10.803 Thread 0xb7607400 DEOPT PACKING pc=0xa8a5bc54 sp=0xb77cf790
Event: 10.803 Thread 0xb7607400 DEOPT UNPACKING pc=0xa863abd5 sp=0xb77cf764 mode 2
Event: 10.980 Executing VM operation: ParallelGCFailedAllocation


Dynamic libraries:
00110000-00117000 r-xp 00000000 08:01 23346      /lib/i386-linux-gnu/librt-2.15.so
00117000-00118000 r--p 00006000 08:01 23346      /lib/i386-linux-gnu/librt-2.15.so
00118000-00119000 rw-p 00007000 08:01 23346      /lib/i386-linux-gnu/librt-2.15.so
00119000-00124000 r-xp 00000000 08:01 193857     /usr/lib/jvm/java-8-oracle/lib/i386/libverify.so
00124000-00125000 rw-p 0000b000 08:01 193857     /usr/lib/jvm/java-8-oracle/lib/i386/libverify.so
00125000-0012c000 r-xp 00000000 08:01 23353      /lib/i386-linux-gnu/libnss_compat-2.15.so
0012c000-0012d000 r--p 00006000 08:01 23353      /lib/i386-linux-gnu/libnss_compat-2.15.so
0012d000-0012e000 rw-p 00007000 08:01 23353      /lib/i386-linux-gnu/libnss_compat-2.15.so
0012e000-00147000 r-xp 00000000 08:01 189918     /usr/lib/jvm/java-8-oracle/lib/i386/libzip.so
00147000-00148000 rw-p 00018000 08:01 189918     /usr/lib/jvm/java-8-oracle/lib/i386/libzip.so
00376000-00379000 r-xp 00000000 08:01 23354      /lib/i386-linux-gnu/libdl-2.15.so
00379000-0037a000 r--p 00002000 08:01 23354      /lib/i386-linux-gnu/libdl-2.15.so
0037a000-0037b000 rw-p 00003000 08:01 23354      /lib/i386-linux-gnu/libdl-2.15.so
0038f000-00399000 r-xp 00000000 08:01 23351      /lib/i386-linux-gnu/libnss_nis-2.15.so
00399000-0039a000 r--p 00009000 08:01 23351      /lib/i386-linux-gnu/libnss_nis-2.15.so
0039a000-0039b000 rw-p 0000a000 08:01 23351      /lib/i386-linux-gnu/libnss_nis-2.15.so
0039c000-003c6000 r-xp 00000000 08:01 23350      /lib/i386-linux-gnu/libm-2.15.so
003c6000-003c7000 r--p 00029000 08:01 23350      /lib/i386-linux-gnu/libm-2.15.so
003c7000-003c8000 rw-p 0002a000 08:01 23350      /lib/i386-linux-gnu/libm-2.15.so
003cb000-003df000 r-xp 00000000 08:01 191444     /usr/lib/jvm/java-8-oracle/lib/i386/jli/libjli.so
003df000-003e0000 rw-p 00014000 08:01 191444     /usr/lib/jvm/java-8-oracle/lib/i386/jli/libjli.so
0056b000-00581000 r-xp 00000000 08:01 23338      /lib/i386-linux-gnu/libnsl-2.15.so
00581000-00582000 r--p 00015000 08:01 23338      /lib/i386-linux-gnu/libnsl-2.15.so
00582000-00583000 rw-p 00016000 08:01 23338      /lib/i386-linux-gnu/libnsl-2.15.so
00583000-00585000 rw-p 00000000 00:00 0 
006d5000-00879000 r-xp 00000000 08:01 23355      /lib/i386-linux-gnu/libc-2.15.so
00879000-0087b000 r--p 001a4000 08:01 23355      /lib/i386-linux-gnu/libc-2.15.so
0087b000-0087c000 rw-p 001a6000 08:01 23355      /lib/i386-linux-gnu/libc-2.15.so
0087c000-0087f000 rw-p 00000000 00:00 0 
008fc000-00913000 r-xp 00000000 08:01 23344      /lib/i386-linux-gnu/libpthread-2.15.so
00913000-00914000 r--p 00016000 08:01 23344      /lib/i386-linux-gnu/libpthread-2.15.so
00914000-00915000 rw-p 00017000 08:01 23344      /lib/i386-linux-gnu/libpthread-2.15.so
00915000-00917000 rw-p 00000000 00:00 0 
00aea000-00b0a000 r-xp 00000000 08:01 23345      /lib/i386-linux-gnu/ld-2.15.so
00b0a000-00b0b000 r--p 0001f000 08:01 23345      /lib/i386-linux-gnu/ld-2.15.so
00b0b000-00b0c000 rw-p 00020000 08:01 23345      /lib/i386-linux-gnu/ld-2.15.so
00b74000-00b7f000 r-xp 00000000 08:01 23352      /lib/i386-linux-gnu/libnss_files-2.15.so
00b7f000-00b80000 r--p 0000a000 08:01 23352      /lib/i386-linux-gnu/libnss_files-2.15.so
00b80000-00b81000 rw-p 0000b000 08:01 23352      /lib/i386-linux-gnu/libnss_files-2.15.so
00bcc000-00bf0000 r-xp 00000000 08:01 143723     /usr/lib/jvm/java-8-oracle/lib/i386/libjava.so
00bf0000-00bf1000 rw-p 00023000 08:01 143723     /usr/lib/jvm/java-8-oracle/lib/i386/libjava.so
00c5d000-00c5e000 r-xp 00000000 00:00 0          [vdso]
00c5e000-015d1000 r-xp 00000000 08:01 787453     /usr/lib/jvm/java-8-oracle/lib/i386/server/libjvm.so
015d1000-0163d000 rw-p 00973000 08:01 787453     /usr/lib/jvm/java-8-oracle/lib/i386/server/libjvm.so
0163d000-01a62000 rw-p 00000000 00:00 0 
08048000-08049000 r-xp 00000000 08:01 143724     /usr/lib/jvm/java-8-oracle/bin/java
08049000-0804a000 rw-p 00000000 08:01 143724     /usr/lib/jvm/java-8-oracle/bin/java
09512000-09873000 rw-p 00000000 00:00 0          [heap]
64500000-64521000 rw-p 00000000 00:00 0 
64521000-64600000 ---p 00000000 00:00 0 
64700000-64900000 rw-p 00000000 00:00 0 
64900000-649fb000 rw-p 00000000 00:00 0 
649fb000-64a00000 ---p 00000000 00:00 0 
64a5a000-64a5b000 ---p 00000000 00:00 0 
64a5b000-64adb000 rw-p 00000000 00:00 0 
64adb000-64ade000 ---p 00000000 00:00 0 
64ade000-64b2c000 rw-p 00000000 00:00 0 
64b2c000-64b2f000 ---p 00000000 00:00 0 
64b2f000-64bad000 rw-p 00000000 00:00 0 
64bad000-64bb0000 ---p 00000000 00:00 0 
64bb0000-64c2e000 rw-p 00000000 00:00 0 
64c2e000-64e2e000 r--p 00000000 08:01 155134     /usr/lib/locale/locale-archive
64e2e000-64e31000 ---p 00000000 00:00 0 
64e31000-64e7f000 rw-p 00000000 00:00 0 
64e7f000-64e80000 ---p 00000000 00:00 0 
64e80000-64f00000 rw-p 00000000 00:00 0 
64f00000-64fda000 rw-p 00000000 00:00 0 
64fda000-65000000 ---p 00000000 00:00 0 
65032000-65081000 rw-p 00000000 00:00 0 
65081000-65259000 r--s 03d0c000 08:01 193893     /usr/lib/jvm/java-8-oracle/lib/rt.jar
65259000-6569a000 rw-p 00000000 00:00 0 
6569a000-65700000 ---p 00000000 00:00 0 
65700000-67b00000 rw-p 00000000 00:00 0 
67b00000-67c00000 rw-p 00000000 00:00 0 
67c2e000-67c31000 ---p 00000000 00:00 0 
67c31000-67c7f000 rw-p 00000000 00:00 0 
67c7f000-67c80000 ---p 00000000 00:00 0 
67c80000-67d00000 rw-p 00000000 00:00 0 
67d00000-67d21000 rw-p 00000000 00:00 0 
67d21000-67e00000 ---p 00000000 00:00 0 
67e28000-67e29000 ---p 00000000 00:00 0 
67e29000-67eb4000 rw-p 00000000 00:00 0 
67eb4000-67fff000 ---p 00000000 00:00 0 
67fff000-6800a000 rw-p 00000000 00:00 0 
6800a000-68154000 ---p 00000000 00:00 0 
68154000-68169000 rw-p 00000000 00:00 0 
68169000-681ff000 ---p 00000000 00:00 0 
681ff000-69780000 rw-p 00000000 00:00 0 
69780000-92cc0000 ---p 00000000 00:00 0 
92cc0000-95540000 rw-p 00000000 00:00 0 
976ef000-97940000 rw-p 00000000 00:00 0 
97940000-a8200000 ---p 00000000 00:00 0 
a822f000-a8240000 r--s 000aa000 08:01 921090     /home/marcio/AndroidStudioProjects/TrocaDeTela/app/build/intermediates/exploded-aar/com.android.support/support-v4/21.0.3/jars/classes.jar
a8240000-a8254000 rw-p 00000000 00:00 0 
a8254000-a8600000 ---p 00000000 00:00 0 
a8600000-a8ae8000 rwxp 00000000 00:00 0 
a8ae8000-b7600000 ---p 00000000 00:00 0 
b7600000-b76f9000 rw-p 00000000 00:00 0 
b76f9000-b7700000 ---p 00000000 00:00 0 
b7708000-b7717000 r--s 000dd000 08:01 583576     /home/marcio/Android/Sdk/build-tools/21.1.2/lib/dx.jar
b7717000-b771a000 ---p 00000000 00:00 0 
b771a000-b7780000 rw-p 00000000 00:00 0 
b7780000-b7783000 ---p 00000000 00:00 0 
b7783000-b77d3000 rw-p 00000000 00:00 0 
b77da000-b77db000 rw-p 00000000 00:00 0 
b77db000-b77e3000 rw-s 00000000 08:01 804077     /tmp/hsperfdata_marcio/9234
b77e3000-b77e4000 rw-p 00000000 00:00 0 
b77e4000-b77e5000 ---p 00000000 00:00 0 
b77e5000-b77e7000 rw-p 00000000 00:00 0 
bfdb4000-bfdb5000 rwxp 00000000 00:00 0 
bfde7000-bfe08000 rw-p 00000000 00:00 0          [stack]

VM Arguments:
jvm_args: -Xmx1024M -Dfile.encoding=UTF-8 -Duser.country=US -Duser.language=en -Duser.variant 
java_command: com.android.dx.command.Main --dex --output /home/marcio/AndroidStudioProjects/TrocaDeTela/app/build/intermediates/pre-dexed/debug/classes-1d325fe114f48e44ea3ecd9ba6318d7bb966d240.jar /home/marcio/AndroidStudioProjects/TrocaDeTela/app/build/intermediates/exploded-aar/com.android.support/support-v4/21.0.3/jars/classes.jar
java_class_path (initial): /home/marcio/Android/Sdk/build-tools/21.1.2/lib/dx.jar
Launcher Type: SUN_STANDARD

Environment Variables:
PATH=/usr/lib/lightdm/lightdm:/usr/local/sbin:/usr/local/bin:/usr/sbin:/usr/bin:/sbin:/bin:/usr/games
LD_LIBRARY_PATH=/usr/lib/android-studio/bin:
SHELL=/bin/bash
DISPLAY=:0

Signal Handlers:
SIGSEGV: [libjvm.so+0x8c2ce0], sa_mask[0]=11111111011111111101111111111110, sa_flags=SA_RESTART|SA_SIGINFO
SIGBUS: [libjvm.so+0x8c2ce0], sa_mask[0]=11111111011111111101111111111110, sa_flags=SA_RESTART|SA_SIGINFO
SIGFPE: [libjvm.so+0x7434f0], sa_mask[0]=11111111011111111101111111111110, sa_flags=SA_RESTART|SA_SIGINFO
SIGPIPE: [libjvm.so+0x7434f0], sa_mask[0]=11111111011111111101111111111110, sa_flags=SA_RESTART|SA_SIGINFO
SIGXFSZ: [libjvm.so+0x7434f0], sa_mask[0]=11111111011111111101111111111110, sa_flags=SA_RESTART|SA_SIGINFO
SIGILL: [libjvm.so+0x7434f0], sa_mask[0]=11111111011111111101111111111110, sa_flags=SA_RESTART|SA_SIGINFO
SIGUSR1: SIG_DFL, sa_mask[0]=00000000000000000000000000000000, sa_flags=none
SIGUSR2: [libjvm.so+0x744a80], sa_mask[0]=00100000000000000000000000000000, sa_flags=SA_RESTART|SA_SIGINFO
SIGHUP: [libjvm.so+0x745f30], sa_mask[0]=11111111011111111101111111111110, sa_flags=SA_RESTART|SA_SIGINFO
SIGINT: [libjvm.so+0x745f30], sa_mask[0]=11111111011111111101111111111110, sa_flags=SA_RESTART|SA_SIGINFO
SIGTERM: [libjvm.so+0x745f30], sa_mask[0]=11111111011111111101111111111110, sa_flags=SA_RESTART|SA_SIGINFO
SIGQUIT: [libjvm.so+0x745f30], sa_mask[0]=11111111011111111101111111111110, sa_flags=SA_RESTART|SA_SIGINFO


---------------  S Y S T E M  ---------------

OS:DISTRIB_ID="elementary OS"
DISTRIB_RELEASE=0.2
DISTRIB_CODENAME=luna
DISTRIB_DESCRIPTION="elementary OS Luna"

uname:Linux 3.2.0-57-generic-pae #87-Ubuntu SMP Tue Nov 12 21:57:43 UTC 2013 i686
libc:glibc 2.15 NPTL 2.15 
rlimit: STACK 8192k, CORE 0k, NPROC 15949, NOFILE 4096, AS infinity
load average:4.74 3.33 3.01

/proc/meminfo:
MemTotal:        2061432 kB
MemFree:           97424 kB
Buffers:             868 kB
Cached:            37500 kB
SwapCached:            0 kB
Active:          1892404 kB
Inactive:          19504 kB
Active(anon):    1874100 kB
Inactive(anon):     5392 kB
Active(file):      18304 kB
Inactive(file):    14112 kB
Unevictable:           0 kB
Mlocked:               0 kB
HighTotal:       1183688 kB
HighFree:            612 kB
LowTotal:         877744 kB
LowFree:           96812 kB
SwapTotal:             0 kB
SwapFree:              0 kB
Dirty:                64 kB
Writeback:             0 kB
AnonPages:       1873780 kB
Mapped:            26460 kB
Shmem:              5840 kB
Slab:              24420 kB
SReclaimable:      11428 kB
SUnreclaim:        12992 kB
KernelStack:        3664 kB
PageTables:        13220 kB
NFS_Unstable:          0 kB
Bounce:                0 kB
WritebackTmp:          0 kB
CommitLimit:     1030716 kB
Committed_AS:    3747308 kB
VmallocTotal:     122880 kB
VmallocUsed:       24232 kB
VmallocChunk:      98288 kB
HardwareCorrupted:     0 kB
AnonHugePages:         0 kB
HugePages_Total:       0
HugePages_Free:        0
HugePages_Rsvd:        0
HugePages_Surp:        0
Hugepagesize:       2048 kB
DirectMap4k:        8184 kB
DirectMap2M:      905216 kB


CPU:total 2 (2 cores per cpu, 1 threads per core) family 6 model 37 stepping 5, cmov, cx8, fxsr, mmx, sse, sse2, sse3, ssse3, tsc

/proc/cpuinfo:
processor	: 0
vendor_id	: GenuineIntel
cpu family	: 6
model		: 37
model name	: Intel(R) Core(TM) i3 CPU         540  @ 3.07GHz
stepping	: 5
microcode	: 0x616
cpu MHz		: 3081.205
cache size	: 6144 KB
physical id	: 0
siblings	: 2
core id		: 0
cpu cores	: 2
apicid		: 0
initial apicid	: 0
fdiv_bug	: no
hlt_bug		: no
f00f_bug	: no
coma_bug	: no
fpu		: yes
fpu_exception	: yes
cpuid level	: 5
wp		: yes
flags		: fpu vme de pse tsc msr pae mce cx8 apic mtrr pge mca cmov pat pse36 clflush mmx fxsr sse sse2 ht rdtscp constant_tsc pni ssse3
bogomips	: 6162.41
clflush size	: 64
cache_alignment	: 64
address sizes	: 36 bits physical, 48 bits virtual
power management:

processor	: 1
vendor_id	: GenuineIntel
cpu family	: 6
model		: 37
model name	: Intel(R) Core(TM) i3 CPU         540  @ 3.07GHz
stepping	: 5
microcode	: 0x616
cpu MHz		: 3081.205
cache size	: 6144 KB
physical id	: 0
siblings	: 2
core id		: 1
cpu cores	: 2
apicid		: 1
initial apicid	: 1
fdiv_bug	: no
hlt_bug		: no
f00f_bug	: no
coma_bug	: no
fpu		: yes
fpu_exception	: yes
cpuid level	: 5
wp		: yes
flags		: fpu vme de pse tsc msr pae mce cx8 apic mtrr pge mca cmov pat pse36 clflush mmx fxsr sse sse2 ht rdtscp constant_tsc pni ssse3
bogomips	: 6169.57
clflush size	: 64
cache_alignment	: 64
address sizes	: 36 bits physical, 48 bits virtual
power management:



Memory: 4k page, physical 2061432k(97424k free), swap 0k(0k free)

vm_info: Java HotSpot(TM) Server VM (25.51-b03) for linux-x86 JRE (1.8.0_51-b16), built on Jun  8 2015 18:05:11 by "java_re" with gcc 4.3.0 20080428 (Red Hat 4.3.0-8)

time: Sun Sep 20 17:59:16 2015
elapsed time: 11 seconds (0d 0h 0m 11s)

